Performing C SOURCE FILE Test CMAKE_HAVE_LIBC_PTHREAD failed with the following output:
Change Dir: /home/kurlyana/UCU/SEM4/ACS/lab4_word_count/cmake-build-debug/CMakeFiles/CMakeTmp

Run Build Command(s):/usr/bin/make cmTC_7018a/fast && /usr/bin/make -f CMakeFiles/cmTC_7018a.dir/build.make CMakeFiles/cmTC_7018a.dir/build
make[1]: Entering directory '/home/kurlyana/UCU/SEM4/ACS/lab4_word_count/cmake-build-debug/CMakeFiles/CMakeTmp'
Building C object CMakeFiles/cmTC_7018a.dir/src.c.o
/usr/bin/cc   -DCMAKE_HAVE_LIBC_PTHREAD   -o CMakeFiles/cmTC_7018a.dir/src.c.o   -c /home/kurlyana/UCU/SEM4/ACS/lab4_word_count/cmake-build-debug/CMakeFiles/CMakeTmp/src.c
Linking C executable cmTC_7018a
/snap/clion/111/bin/cmake/linux/bin/cmake -E cmake_link_script CMakeFiles/cmTC_7018a.dir/link.txt --verbose=1
/usr/bin/cc  -DCMAKE_HAVE_LIBC_PTHREAD    CMakeFiles/cmTC_7018a.dir/src.c.o  -o cmTC_7018a 
CMakeFiles/cmTC_7018a.dir/src.c.o: In function `main':
src.c:(.text+0x3e): undefined reference to `pthread_create'
src.c:(.text+0x4a): undefined reference to `pthread_detach'
src.c:(.text+0x5b): undefined reference to `pthread_join'
src.c:(.text+0x6f): undefined reference to `pthread_atfork'
collect2: error: ld returned 1 exit status
CMakeFiles/cmTC_7018a.dir/build.make:86: recipe for target 'cmTC_7018a' failed
make[1]: *** [cmTC_7018a] Error 1
make[1]: Leaving directory '/home/kurlyana/UCU/SEM4/ACS/lab4_word_count/cmake-build-debug/CMakeFiles/CMakeTmp'
Makefile:121: recipe for target 'cmTC_7018a/fast' failed
make: *** [cmTC_7018a/fast] Error 2


Source file was:
#include <pthread.h>

void* test_func(void* data)
{
  return data;
}

int main(void)
{
  pthread_t thread;
  pthread_create(&thread, NULL, test_func, NULL);
  pthread_detach(thread);
  pthread_join(thread, NULL);
  pthread_atfork(NULL, NULL, NULL);
  pthread_exit(NULL);

  return 0;
}

Determining if the function pthread_create exists in the pthreads failed with the following output:
Change Dir: /home/kurlyana/UCU/SEM4/ACS/lab4_word_count/cmake-build-debug/CMakeFiles/CMakeTmp

Run Build Command(s):/usr/bin/make cmTC_54107/fast && /usr/bin/make -f CMakeFiles/cmTC_54107.dir/build.make CMakeFiles/cmTC_54107.dir/build
make[1]: Entering directory '/home/kurlyana/UCU/SEM4/ACS/lab4_word_count/cmake-build-debug/CMakeFiles/CMakeTmp'
Building C object CMakeFiles/cmTC_54107.dir/CheckFunctionExists.c.o
/usr/bin/cc   -DCHECK_FUNCTION_EXISTS=pthread_create   -o CMakeFiles/cmTC_54107.dir/CheckFunctionExists.c.o   -c /snap/clion/111/bin/cmake/linux/share/cmake-3.16/Modules/CheckFunctionExists.c
Linking C executable cmTC_54107
/snap/clion/111/bin/cmake/linux/bin/cmake -E cmake_link_script CMakeFiles/cmTC_54107.dir/link.txt --verbose=1
/usr/bin/cc  -DCHECK_FUNCTION_EXISTS=pthread_create    CMakeFiles/cmTC_54107.dir/CheckFunctionExists.c.o  -o cmTC_54107  -lpthreads 
/usr/bin/ld: cannot find -lpthreads
collect2: error: ld returned 1 exit status
CMakeFiles/cmTC_54107.dir/build.make:86: recipe for target 'cmTC_54107' failed
make[1]: *** [cmTC_54107] Error 1
make[1]: Leaving directory '/home/kurlyana/UCU/SEM4/ACS/lab4_word_count/cmake-build-debug/CMakeFiles/CMakeTmp'
Makefile:121: recipe for target 'cmTC_54107/fast' failed
make: *** [cmTC_54107/fast] Error 2



